<?xml version="1.0" encoding="UTF-8"?>
<!-- Generated by org.testng.reporters.JUnitXMLReporter -->
<testsuite hostname="LIN16007873" ignored="0" name="Default test" tests="4" failures="0" timestamp="01 Apr 2021 04:54:14 GMT" time="22.802" errors="0">
  <testcase name="openSTM" time="6.369" classname="resources.browse"/>
  <testcase name="openSTM" time="8.349" classname="resources.browse"/>
  <testcase name="openSTM" time="16.167" classname="resources.browse"/>
  <testcase name="run" time="6.57" classname="resources.browse"/>
</testsuite> <!-- Default test -->
