<?xml version="1.0" encoding="UTF-8"?>
<testng-results skipped="0" failed="0" ignored="0" total="4" passed="4">
  <reporter-output>
  </reporter-output>
  <suite name="Suite" duration-ms="87056" started-at="2021-03-31T16:27:17Z" finished-at="2021-03-31T16:28:44Z">
    <groups>
    </groups>
    <test name="Test-chrome" duration-ms="39237" started-at="2021-03-31T16:27:17Z" finished-at="2021-03-31T16:27:56Z">
      <class name="testCases.Testcase1">
        <test-method status="PASS" signature="initializeBrowser(java.lang.String, java.lang.String, java.lang.String, java.lang.String)[pri:0, instance:testCases.Testcase1@3ba987b8]" name="initializeBrowser" is-config="true" duration-ms="13026" started-at="2021-03-31T16:27:17Z" finished-at="2021-03-31T16:27:30Z">
          <params>
            <param index="0">
              <value>
                <![CDATA[Windows]]>
              </value>
            </param>
            <param index="1">
              <value>
                <![CDATA[10]]>
              </value>
            </param>
            <param index="2">
              <value>
                <![CDATA[Chrome]]>
              </value>
            </param>
            <param index="3">
              <value>
                <![CDATA[latest]]>
              </value>
            </param>
          </params>
          <reporter-output>
          </reporter-output>
        </test-method> <!-- initializeBrowser -->
        <test-method status="PASS" signature="Login(java.lang.String, java.lang.String)[pri:0, instance:testCases.Testcase1@3ba987b8]" name="Login" duration-ms="7898" started-at="2021-03-31T16:27:30Z" data-provider="credentials" finished-at="2021-03-31T16:27:38Z">
          <params>
            <param index="0">
              <value>
                <![CDATA[kumarshubham2994@gmail.com]]>
              </value>
            </param>
            <param index="1">
              <value>
                <![CDATA[Shubham@4u]]>
              </value>
            </param>
          </params>
          <reporter-output>
          </reporter-output>
        </test-method> <!-- Login -->
        <test-method status="PASS" signature="teardown()[pri:0, instance:testCases.Testcase1@3ba987b8]" name="teardown" is-config="true" duration-ms="2488" started-at="2021-03-31T16:27:38Z" finished-at="2021-03-31T16:27:41Z">
          <reporter-output>
          </reporter-output>
        </test-method> <!-- teardown -->
        <test-method status="PASS" signature="initializeBrowser(java.lang.String, java.lang.String, java.lang.String, java.lang.String)[pri:0, instance:testCases.Testcase1@3ba987b8]" name="initializeBrowser" is-config="true" duration-ms="9803" started-at="2021-03-31T16:27:41Z" finished-at="2021-03-31T16:27:50Z">
          <params>
            <param index="0">
              <value>
                <![CDATA[Windows]]>
              </value>
            </param>
            <param index="1">
              <value>
                <![CDATA[10]]>
              </value>
            </param>
            <param index="2">
              <value>
                <![CDATA[Chrome]]>
              </value>
            </param>
            <param index="3">
              <value>
                <![CDATA[latest]]>
              </value>
            </param>
          </params>
          <reporter-output>
          </reporter-output>
        </test-method> <!-- initializeBrowser -->
        <test-method status="PASS" signature="Login(java.lang.String, java.lang.String)[pri:0, instance:testCases.Testcase1@3ba987b8]" name="Login" duration-ms="4506" started-at="2021-03-31T16:27:50Z" data-provider="credentials" finished-at="2021-03-31T16:27:55Z">
          <params>
            <param index="0">
              <value>
                <![CDATA[kumarshubham143@gmail.com]]>
              </value>
            </param>
            <param index="1">
              <value>
                <![CDATA[Loveisevol@4u]]>
              </value>
            </param>
          </params>
          <reporter-output>
          </reporter-output>
        </test-method> <!-- Login -->
        <test-method status="PASS" signature="teardown()[pri:0, instance:testCases.Testcase1@3ba987b8]" name="teardown" is-config="true" duration-ms="1478" started-at="2021-03-31T16:27:55Z" finished-at="2021-03-31T16:27:56Z">
          <reporter-output>
          </reporter-output>
        </test-method> <!-- teardown -->
      </class> <!-- testCases.Testcase1 -->
    </test> <!-- Test-chrome -->
    <test name="Test-firefox" duration-ms="47232" started-at="2021-03-31T16:27:57Z" finished-at="2021-03-31T16:28:44Z">
      <class name="testCases.Testcase1">
        <test-method status="PASS" signature="initializeBrowser(java.lang.String, java.lang.String, java.lang.String, java.lang.String)[pri:0, instance:testCases.Testcase1@14028087]" name="initializeBrowser" is-config="true" duration-ms="17064" started-at="2021-03-31T16:27:57Z" finished-at="2021-03-31T16:28:14Z">
          <params>
            <param index="0">
              <value>
                <![CDATA[Windows]]>
              </value>
            </param>
            <param index="1">
              <value>
                <![CDATA[10]]>
              </value>
            </param>
            <param index="2">
              <value>
                <![CDATA[Firefox]]>
              </value>
            </param>
            <param index="3">
              <value>
                <![CDATA[latest]]>
              </value>
            </param>
          </params>
          <reporter-output>
          </reporter-output>
        </test-method> <!-- initializeBrowser -->
        <test-method status="PASS" signature="Login(java.lang.String, java.lang.String)[pri:0, instance:testCases.Testcase1@14028087]" name="Login" duration-ms="4212" started-at="2021-03-31T16:28:14Z" data-provider="credentials" finished-at="2021-03-31T16:28:18Z">
          <params>
            <param index="0">
              <value>
                <![CDATA[kumarshubham2994@gmail.com]]>
              </value>
            </param>
            <param index="1">
              <value>
                <![CDATA[Shubham@4u]]>
              </value>
            </param>
          </params>
          <reporter-output>
          </reporter-output>
        </test-method> <!-- Login -->
        <test-method status="PASS" signature="teardown()[pri:0, instance:testCases.Testcase1@14028087]" name="teardown" is-config="true" duration-ms="1707" started-at="2021-03-31T16:28:18Z" finished-at="2021-03-31T16:28:20Z">
          <reporter-output>
          </reporter-output>
        </test-method> <!-- teardown -->
        <test-method status="PASS" signature="initializeBrowser(java.lang.String, java.lang.String, java.lang.String, java.lang.String)[pri:0, instance:testCases.Testcase1@14028087]" name="initializeBrowser" is-config="true" duration-ms="18310" started-at="2021-03-31T16:28:20Z" finished-at="2021-03-31T16:28:38Z">
          <params>
            <param index="0">
              <value>
                <![CDATA[Windows]]>
              </value>
            </param>
            <param index="1">
              <value>
                <![CDATA[10]]>
              </value>
            </param>
            <param index="2">
              <value>
                <![CDATA[Firefox]]>
              </value>
            </param>
            <param index="3">
              <value>
                <![CDATA[latest]]>
              </value>
            </param>
          </params>
          <reporter-output>
          </reporter-output>
        </test-method> <!-- initializeBrowser -->
        <test-method status="PASS" signature="Login(java.lang.String, java.lang.String)[pri:0, instance:testCases.Testcase1@14028087]" name="Login" duration-ms="4165" started-at="2021-03-31T16:28:38Z" data-provider="credentials" finished-at="2021-03-31T16:28:42Z">
          <params>
            <param index="0">
              <value>
                <![CDATA[kumarshubham143@gmail.com]]>
              </value>
            </param>
            <param index="1">
              <value>
                <![CDATA[Loveisevol@4u]]>
              </value>
            </param>
          </params>
          <reporter-output>
          </reporter-output>
        </test-method> <!-- Login -->
        <test-method status="PASS" signature="teardown()[pri:0, instance:testCases.Testcase1@14028087]" name="teardown" is-config="true" duration-ms="1772" started-at="2021-03-31T16:28:42Z" finished-at="2021-03-31T16:28:44Z">
          <reporter-output>
          </reporter-output>
        </test-method> <!-- teardown -->
      </class> <!-- testCases.Testcase1 -->
    </test> <!-- Test-firefox -->
  </suite> <!-- Suite -->
</testng-results>
