<?xml version="1.0" encoding="UTF-8"?>
<testng-results skipped="0" failed="0" ignored="0" total="4" passed="4">
  <reporter-output>
  </reporter-output>
  <suite name="Suite" duration-ms="144332" started-at="2021-03-31T05:04:31Z" finished-at="2021-03-31T05:06:56Z">
    <groups>
    </groups>
    <test name="Test-chrome" duration-ms="93534" started-at="2021-03-31T05:04:31Z" finished-at="2021-03-31T05:06:05Z">
      <class name="testCases.Testcase1">
        <test-method status="PASS" signature="initializeBrowser(java.lang.String, java.lang.String, java.lang.String, java.lang.String)[pri:0, instance:testCases.Testcase1@52f27fbd]" name="initializeBrowser" is-config="true" duration-ms="24565" started-at="2021-03-31T05:04:31Z" finished-at="2021-03-31T05:04:56Z">
          <params>
            <param index="0">
              <value>
                <![CDATA[Windows]]>
              </value>
            </param>
            <param index="1">
              <value>
                <![CDATA[10]]>
              </value>
            </param>
            <param index="2">
              <value>
                <![CDATA[Chrome]]>
              </value>
            </param>
            <param index="3">
              <value>
                <![CDATA[latest]]>
              </value>
            </param>
          </params>
          <reporter-output>
          </reporter-output>
        </test-method> <!-- initializeBrowser -->
        <test-method status="PASS" signature="Login(java.lang.String, java.lang.String)[pri:0, instance:testCases.Testcase1@52f27fbd]" name="Login" duration-ms="18697" started-at="2021-03-31T05:04:56Z" data-provider="credentials" finished-at="2021-03-31T05:05:15Z">
          <params>
            <param index="0">
              <value>
                <![CDATA[kumarshubham2994@gmail.com]]>
              </value>
            </param>
            <param index="1">
              <value>
                <![CDATA[Shubham@4u]]>
              </value>
            </param>
          </params>
          <reporter-output>
          </reporter-output>
        </test-method> <!-- Login -->
        <test-method status="PASS" signature="teardown()[pri:0, instance:testCases.Testcase1@52f27fbd]" name="teardown" is-config="true" duration-ms="16777" started-at="2021-03-31T05:05:15Z" finished-at="2021-03-31T05:05:31Z">
          <reporter-output>
          </reporter-output>
        </test-method> <!-- teardown -->
        <test-method status="PASS" signature="initializeBrowser(java.lang.String, java.lang.String, java.lang.String, java.lang.String)[pri:0, instance:testCases.Testcase1@52f27fbd]" name="initializeBrowser" is-config="true" duration-ms="15272" started-at="2021-03-31T05:05:31Z" finished-at="2021-03-31T05:05:47Z">
          <params>
            <param index="0">
              <value>
                <![CDATA[Windows]]>
              </value>
            </param>
            <param index="1">
              <value>
                <![CDATA[10]]>
              </value>
            </param>
            <param index="2">
              <value>
                <![CDATA[Chrome]]>
              </value>
            </param>
            <param index="3">
              <value>
                <![CDATA[latest]]>
              </value>
            </param>
          </params>
          <reporter-output>
          </reporter-output>
        </test-method> <!-- initializeBrowser -->
        <test-method status="PASS" signature="Login(java.lang.String, java.lang.String)[pri:0, instance:testCases.Testcase1@52f27fbd]" name="Login" duration-ms="5720" started-at="2021-03-31T05:05:47Z" data-provider="credentials" finished-at="2021-03-31T05:05:52Z">
          <params>
            <param index="0">
              <value>
                <![CDATA[kumarshubham143@gmail.com]]>
              </value>
            </param>
            <param index="1">
              <value>
                <![CDATA[Loveisevol@4u]]>
              </value>
            </param>
          </params>
          <reporter-output>
          </reporter-output>
        </test-method> <!-- Login -->
        <test-method status="PASS" signature="teardown()[pri:0, instance:testCases.Testcase1@52f27fbd]" name="teardown" is-config="true" duration-ms="12423" started-at="2021-03-31T05:05:52Z" finished-at="2021-03-31T05:06:05Z">
          <reporter-output>
          </reporter-output>
        </test-method> <!-- teardown -->
      </class> <!-- testCases.Testcase1 -->
    </test> <!-- Test-chrome -->
    <test name="Test-firefox" duration-ms="49937" started-at="2021-03-31T05:06:06Z" finished-at="2021-03-31T05:06:56Z">
      <class name="testCases.Testcase1">
        <test-method status="PASS" signature="initializeBrowser(java.lang.String, java.lang.String, java.lang.String, java.lang.String)[pri:0, instance:testCases.Testcase1@6f204a1a]" name="initializeBrowser" is-config="true" duration-ms="14172" started-at="2021-03-31T05:06:06Z" finished-at="2021-03-31T05:06:20Z">
          <params>
            <param index="0">
              <value>
                <![CDATA[Windows]]>
              </value>
            </param>
            <param index="1">
              <value>
                <![CDATA[10]]>
              </value>
            </param>
            <param index="2">
              <value>
                <![CDATA[Firefox]]>
              </value>
            </param>
            <param index="3">
              <value>
                <![CDATA[latest]]>
              </value>
            </param>
          </params>
          <reporter-output>
          </reporter-output>
        </test-method> <!-- initializeBrowser -->
        <test-method status="PASS" signature="Login(java.lang.String, java.lang.String)[pri:0, instance:testCases.Testcase1@6f204a1a]" name="Login" duration-ms="4580" started-at="2021-03-31T05:06:20Z" data-provider="credentials" finished-at="2021-03-31T05:06:25Z">
          <params>
            <param index="0">
              <value>
                <![CDATA[kumarshubham2994@gmail.com]]>
              </value>
            </param>
            <param index="1">
              <value>
                <![CDATA[Shubham@4u]]>
              </value>
            </param>
          </params>
          <reporter-output>
          </reporter-output>
        </test-method> <!-- Login -->
        <test-method status="PASS" signature="teardown()[pri:0, instance:testCases.Testcase1@6f204a1a]" name="teardown" is-config="true" duration-ms="3296" started-at="2021-03-31T05:06:25Z" finished-at="2021-03-31T05:06:28Z">
          <reporter-output>
          </reporter-output>
        </test-method> <!-- teardown -->
        <test-method status="PASS" signature="initializeBrowser(java.lang.String, java.lang.String, java.lang.String, java.lang.String)[pri:0, instance:testCases.Testcase1@6f204a1a]" name="initializeBrowser" is-config="true" duration-ms="21424" started-at="2021-03-31T05:06:28Z" finished-at="2021-03-31T05:06:49Z">
          <params>
            <param index="0">
              <value>
                <![CDATA[Windows]]>
              </value>
            </param>
            <param index="1">
              <value>
                <![CDATA[10]]>
              </value>
            </param>
            <param index="2">
              <value>
                <![CDATA[Firefox]]>
              </value>
            </param>
            <param index="3">
              <value>
                <![CDATA[latest]]>
              </value>
            </param>
          </params>
          <reporter-output>
          </reporter-output>
        </test-method> <!-- initializeBrowser -->
        <test-method status="PASS" signature="Login(java.lang.String, java.lang.String)[pri:0, instance:testCases.Testcase1@6f204a1a]" name="Login" duration-ms="4993" started-at="2021-03-31T05:06:49Z" data-provider="credentials" finished-at="2021-03-31T05:06:54Z">
          <params>
            <param index="0">
              <value>
                <![CDATA[kumarshubham143@gmail.com]]>
              </value>
            </param>
            <param index="1">
              <value>
                <![CDATA[Loveisevol@4u]]>
              </value>
            </param>
          </params>
          <reporter-output>
          </reporter-output>
        </test-method> <!-- Login -->
        <test-method status="PASS" signature="teardown()[pri:0, instance:testCases.Testcase1@6f204a1a]" name="teardown" is-config="true" duration-ms="1453" started-at="2021-03-31T05:06:54Z" finished-at="2021-03-31T05:06:56Z">
          <reporter-output>
          </reporter-output>
        </test-method> <!-- teardown -->
      </class> <!-- testCases.Testcase1 -->
    </test> <!-- Test-firefox -->
  </suite> <!-- Suite -->
</testng-results>
